<?xml version="1.0" encoding="UTF-8"?>
<testng-results ignored="0" total="1" passed="1" failed="0" skipped="0">
  <reporter-output>
  </reporter-output>
  <suite started-at="2019-05-20T17:46:23Z" name="Default suite" finished-at="2019-05-20T17:46:32Z" duration-ms="9213">
    <groups>
    </groups>
    <test started-at="2019-05-20T17:46:23Z" name="Default test" finished-at="2019-05-20T17:46:32Z" duration-ms="9213">
      <class name="com.dograworld.selenium.Jason.ReadJason">
        <test-method is-config="true" signature="setup()[pri:0, instance:com.dograworld.selenium.Jason.ReadJason@762ef0ea]" started-at="2019-05-20T17:46:23Z" name="setup" finished-at="2019-05-20T17:46:26Z" duration-ms="3685" status="PASS">
          <reporter-output>
          </reporter-output>
        </test-method> <!-- setup -->
        <test-method signature="testSearch()[pri:0, instance:com.dograworld.selenium.Jason.ReadJason@762ef0ea]" started-at="2019-05-20T17:46:26Z" name="testSearch" finished-at="2019-05-20T17:46:32Z" duration-ms="5291" status="PASS">
          <reporter-output>
          </reporter-output>
        </test-method> <!-- testSearch -->
        <test-method is-config="true" signature="tearDown()[pri:0, instance:com.dograworld.selenium.Jason.ReadJason@762ef0ea]" started-at="2019-05-20T17:46:32Z" name="tearDown" finished-at="2019-05-20T17:46:32Z" duration-ms="212" status="PASS">
          <reporter-output>
          </reporter-output>
        </test-method> <!-- tearDown -->
      </class> <!-- com.dograworld.selenium.Jason.ReadJason -->
    </test> <!-- Default test -->
  </suite> <!-- Default suite -->
</testng-results>
